#
# There is insufficient memory for the Java Runtime Environment to continue.
# Native memory allocation (mmap) failed to map 132120576 bytes for Failed to commit area from 0x0000000083800000 to 0x000000008b600000 of length 132120576.
# Possible reasons:
#   The system is out of physical RAM or swap space
#   The process is running with CompressedOops enabled, and the Java Heap may be blocking the growth of the native heap
# Possible solutions:
#   Reduce memory load on the system
#   Increase physical memory or swap space
#   Check if swap backing store is full
#   Decrease Java heap size (-Xmx/-Xms)
#   Decrease number of Java threads
#   Decrease Java thread stack sizes (-Xss)
#   Set larger code cache with -XX:ReservedCodeCacheSize=
# This output file may be truncated or incomplete.
#
#  Out of Memory Error (./src/hotspot/os/windows/os_windows.cpp:3303), pid=11936, tid=42920
#
# JRE version:  (11.0.8+10) (build )
# Java VM: OpenJDK 64-Bit Server VM (11.0.8+10-b944.34, mixed mode, sharing, tiered, compressed oops, g1 gc, windows-amd64)
# No core dump will be written. Minidumps are not enabled by default on client versions of Windows
#

---------------  S U M M A R Y ------------

Command Line: org.jetbrains.git4idea.http.GitAskPassApp Password for 'https://vikash281@bitbucket.org': 

Host: Intel(R) Core(TM) i7-10750H CPU @ 2.60GHz, 12 cores, 7G,  Windows 10 , 64 bit Build 19041 (10.0.19041.662)
Time: Sat May 29 22:04:40 2021 India Standard Time elapsed time: 0 seconds (0d 0h 0m 0s)

---------------  T H R E A D  ---------------

Current thread (0x0000029b4d00a000):  JavaThread "Unknown thread" [_thread_in_vm, id=42920, stack(0x000000bbd2c00000,0x000000bbd2d00000)]

Stack: [0x000000bbd2c00000,0x000000bbd2d00000]
Native frames: (J=compiled Java code, j=interpreted, Vv=VM code, C=native code)
V  [jvm.dll+0x5de35a]
V  [jvm.dll+0x712355]
V  [jvm.dll+0x7138ad]
V  [jvm.dll+0x713f63]
V  [jvm.dll+0x23e628]
V  [jvm.dll+0x5db804]
V  [jvm.dll+0x5d0925]
V  [jvm.dll+0x2faf9b]
V  [jvm.dll+0x2faf0a]
V  [jvm.dll+0x2fade2]
V  [jvm.dll+0x2ffcb6]
V  [jvm.dll+0x3483a3]
V  [jvm.dll+0x348aa6]
V  [jvm.dll+0x3484a3]
V  [jvm.dll+0x2d5be8]
V  [jvm.dll+0x2d6d87]
V  [jvm.dll+0x6f10e7]
V  [jvm.dll+0x6f28dc]
V  [jvm.dll+0x3558f9]
V  [jvm.dll+0x6d492e]
V  [jvm.dll+0x3bdad3]
V  [jvm.dll+0x3bfd01]
C  [jli.dll+0x5373]
C  [ucrtbase.dll+0x214c2]
C  [KERNEL32.DLL+0x17034]
C  [ntdll.dll+0x4d0d1]


---------------  P R O C E S S  ---------------

Threads class SMR info:
_java_thread_list=0x0000029b4b5905b0, length=0, elements={
}

Java Threads: ( => current thread )

Other Threads:
  0x0000029b4d022800 GCTaskThread "GC Thread#0" [stack: 0x000000bbd2d00000,0x000000bbd2e00000] [id=62028]
  0x0000029b4d054000 ConcurrentGCThread "G1 Main Marker" [stack: 0x000000bbd2e00000,0x000000bbd2f00000] [id=44276]
  0x0000029b4d055800 ConcurrentGCThread "G1 Conc#0" [stack: 0x000000bbd2f00000,0x000000bbd3000000] [id=29604]

[error occurred during error reporting (printing all threads), id 0xc0000005, EXCEPTION_ACCESS_VIOLATION (0xc0000005) at pc=0x00007ff8f51f60c7]

VM state:not at safepoint (not fully initialized)

VM Mutex/Monitor currently owned by a thread:  ([mutex/lock_event])
[0x0000029b4d0048c0] Heap_lock - owner thread: 0x0000029b4d00a000

Heap address: 0x0000000083800000, size: 1992 MB, Compressed Oops mode: Non-zero based: 0x0000000083800000
Narrow klass base: 0x0000000000000000, Narrow klass shift: 0

GC Heap History (0 events):
No events

Deoptimization events (0 events):
No events

Classes redefined (0 events):
No events

Internal exceptions (0 events):
No events

Events (1 events):
Event: 0.025 Loaded shared library C:\Program Files\JetBrains\IntelliJ IDEA Community Edition 2020.2.3\jbr\bin\zip.dll


Dynamic libraries:
0x00007ff632990000 - 0x00007ff63299a000 	C:\Program Files\JetBrains\IntelliJ IDEA Community Edition 2020.2.3\jbr\bin\java.exe
0x00007ff948710000 - 0x00007ff948906000 	C:\windows\SYSTEM32\ntdll.dll
0x00007ff9484f0000 - 0x00007ff9485ad000 	C:\windows\System32\KERNEL32.DLL
0x00007ff946110000 - 0x00007ff9463d9000 	C:\windows\System32\KERNELBASE.dll
0x00007ff9465c0000 - 0x00007ff9466c0000 	C:\windows\System32\ucrtbase.dll
0x00007ff943db0000 - 0x00007ff943dc7000 	C:\Program Files\JetBrains\IntelliJ IDEA Community Edition 2020.2.3\jbr\bin\VCRUNTIME140.dll
0x00007ff943d40000 - 0x00007ff943d59000 	C:\Program Files\JetBrains\IntelliJ IDEA Community Edition 2020.2.3\jbr\bin\jli.dll
0x00007ff946830000 - 0x00007ff9469d0000 	C:\windows\System32\USER32.dll
0x00007ff945f70000 - 0x00007ff945f92000 	C:\windows\System32\win32u.dll
0x00007ff946b00000 - 0x00007ff946b2a000 	C:\windows\System32\GDI32.dll
0x00007ff945fa0000 - 0x00007ff9460ab000 	C:\windows\System32\gdi32full.dll
0x00007ff945ed0000 - 0x00007ff945f6d000 	C:\windows\System32\msvcp_win.dll
0x00007ff91c8d0000 - 0x00007ff91cb6b000 	C:\windows\WinSxS\amd64_microsoft.windows.common-controls_6595b64144ccf1df_6.0.19041.746_none_ca02b4b61b8320a4\COMCTL32.dll
0x00007ff9483b0000 - 0x00007ff94844e000 	C:\windows\System32\msvcrt.dll
0x00007ff9484c0000 - 0x00007ff9484f0000 	C:\windows\System32\IMM32.DLL
0x00007ff90f1f0000 - 0x00007ff90f28d000 	C:\Program Files\JetBrains\IntelliJ IDEA Community Edition 2020.2.3\jbr\bin\msvcp140.dll
0x00007ff8f4f10000 - 0x00007ff8f59cd000 	C:\Program Files\JetBrains\IntelliJ IDEA Community Edition 2020.2.3\jbr\bin\server\jvm.dll
0x00007ff946f30000 - 0x00007ff946fdc000 	C:\windows\System32\ADVAPI32.dll
0x00007ff946b30000 - 0x00007ff946bcc000 	C:\windows\System32\sechost.dll
0x00007ff9479e0000 - 0x00007ff947b0b000 	C:\windows\System32\RPCRT4.dll
0x00007ff946fe0000 - 0x00007ff946fe8000 	C:\windows\System32\PSAPI.DLL
0x00007ff93a900000 - 0x00007ff93a90a000 	C:\windows\SYSTEM32\VERSION.dll
0x00007ff924a20000 - 0x00007ff924a47000 	C:\windows\SYSTEM32\WINMM.dll
0x00007ff93ca90000 - 0x00007ff93ca99000 	C:\windows\SYSTEM32\WSOCK32.dll
0x00007ff948450000 - 0x00007ff9484bb000 	C:\windows\System32\WS2_32.dll
0x00007ff9446f0000 - 0x00007ff944702000 	C:\windows\SYSTEM32\kernel.appcore.dll
0x00007ff922f50000 - 0x00007ff922f61000 	C:\Program Files\JetBrains\IntelliJ IDEA Community Edition 2020.2.3\jbr\bin\verify.dll
0x00007ff940c20000 - 0x00007ff940e04000 	C:\windows\SYSTEM32\DBGHELP.DLL
0x00007ff92c6c0000 - 0x00007ff92c6ec000 	C:\windows\SYSTEM32\dbgcore.DLL
0x00007ff945e50000 - 0x00007ff945ed0000 	C:\windows\System32\bcryptPrimitives.dll
0x00007ff90fce0000 - 0x00007ff90fd09000 	C:\Program Files\JetBrains\IntelliJ IDEA Community Edition 2020.2.3\jbr\bin\java.dll
0x00007ff93c3a0000 - 0x00007ff93c3ab000 	C:\Program Files\JetBrains\IntelliJ IDEA Community Edition 2020.2.3\jbr\bin\jimage.dll
0x00007ff922b40000 - 0x00007ff922b58000 	C:\Program Files\JetBrains\IntelliJ IDEA Community Edition 2020.2.3\jbr\bin\zip.dll

dbghelp: loaded successfully - version: 4.0.5 - missing functions: none
symbol engine: initialized successfully - sym options: 0x614 - pdb path: .;C:\Program Files\JetBrains\IntelliJ IDEA Community Edition 2020.2.3\jbr\bin;C:\windows\SYSTEM32;C:\windows\WinSxS\amd64_microsoft.windows.common-controls_6595b64144ccf1df_6.0.19041.746_none_ca02b4b61b8320a4;C:\Program Files\JetBrains\IntelliJ IDEA Community Edition 2020.2.3\jbr\bin\server

VM Arguments:
java_command: org.jetbrains.git4idea.http.GitAskPassApp Password for 'https://vikash281@bitbucket.org': 
java_class_path (initial): C:/Program Files/JetBrains/IntelliJ IDEA Community Edition 2020.2.3/plugins/git4idea/lib/git4idea-rt.jar;C:/Program Files/JetBrains/IntelliJ IDEA Community Edition 2020.2.3/lib/xmlrpc-2.0.1.jar;C:/Program Files/JetBrains/IntelliJ IDEA Community Edition 2020.2.3/lib/commons-codec-1.14.jar
Launcher Type: SUN_STANDARD

[Global flags]
     intx CICompilerCount                          = 4                                         {product} {ergonomic}
     uint ConcGCThreads                            = 3                                         {product} {ergonomic}
     uint G1ConcRefinementThreads                  = 10                                        {product} {ergonomic}
   size_t G1HeapRegionSize                         = 1048576                                   {product} {ergonomic}
    uintx GCDrainStackTargetSize                   = 64                                        {product} {ergonomic}
   size_t InitialHeapSize                          = 132120576                                 {product} {ergonomic}
   size_t MarkStackSize                            = 4194304                                   {product} {ergonomic}
   size_t MaxHeapSize                              = 2088763392                                {product} {ergonomic}
   size_t MinHeapDeltaBytes                        = 1048576                                   {product} {ergonomic}
    uintx NonNMethodCodeHeapSize                   = 5836300                                {pd product} {ergonomic}
    uintx NonProfiledCodeHeapSize                  = 122910970                              {pd product} {ergonomic}
    uintx ProfiledCodeHeapSize                     = 122910970                              {pd product} {ergonomic}
    uintx ReservedCodeCacheSize                    = 251658240                              {pd product} {ergonomic}
     bool SegmentedCodeCache                       = true                                      {product} {ergonomic}
     bool UseCompressedClassPointers               = true                                 {lp64_product} {ergonomic}
     bool UseCompressedOops                        = true                                 {lp64_product} {ergonomic}
     bool UseG1GC                                  = true                                      {product} {ergonomic}
     bool UseLargePagesIndividualAllocation        = false                                  {pd product} {ergonomic}

Logging:
Log output configuration:
 #0: stdout all=warning uptime,level,tags
 #1: stderr all=off uptime,level,tags

Environment Variables:
JAVA_HOME=E:\openlogic-openjdk-8u262-b10-win-32
PATH=C:/Program Files/Git/mingw64/libexec/git-core;C:/Program Files/Git/mingw64/libexec/git-core;C:\Program Files\Git\mingw64\bin;C:\Program Files\Git\usr\bin;C:\Users\Mishra\bin;C:\windows\system32;C:\windows;C:\windows\System32\Wbem;C:\windows\System32\WindowsPowerShell\v1.0\;C:\windows\System32\OpenSSH\;C:\Program Files (x86)\NVIDIA Corporation\PhysX\Common;C:\Program Files\NVIDIA Corporation\NVIDIA NvDLISR;C:\Program Files\Git\cmd;C:\Program Files\nodejs\;C:\Program Files\Docker\Docker\resources\bin;C:\ProgramData\DockerDesktop\version-bin;E:\openlogic-openjdk-8u262-b10-win-32\bin;E:\apache-maven-3.6.3-bin\apache-maven-3.6.3\bin;C:\Users\Mishra\AppData\Local\atom\bin;C:\Users\Mishra\AppData\Roaming\npm;C:\Users\Mishra\AppData\Local\Programs\Microsoft VS Code\bin;C:\Program Files\nodejs
USERNAME=Mishra
DISPLAY=:0.0
LC_ALL=en_US.UTF-8
OS=Windows_NT
PROCESSOR_IDENTIFIER=Intel64 Family 6 Model 165 Stepping 2, GenuineIntel



---------------  S Y S T E M  ---------------

OS: Windows 10 , 64 bit Build 19041 (10.0.19041.662)
OS uptime: 114 days 2:27 hours
HyperV virtualization detected

CPU:total 12 (initial active 12) (6 cores per cpu, 2 threads per core) family 6 model 165 stepping 2, cmov, cx8, fxsr, mmx, sse, sse2, sse3, ssse3, sse4.1, sse4.2, popcnt, avx, avx2, aes, clmul, erms, 3dnowpref, lzcnt, ht, tsc, tscinvbit, bmi1, bmi2, adx, fma

Memory: 4k page, system-wide physical 7963M (449M free)
TotalPageFile size 32539M (AvailPageFile size 113M)
current process WorkingSet (physical memory assigned to process): 10M, peak: 10M
current process commit charge ("private bytes"): 64M, peak: 189M

vm_info: OpenJDK 64-Bit Server VM (11.0.8+10-b944.34) for windows-amd64 JRE (11.0.8+10-b944.34), built on Sep 11 2020 15:32:11 by "" with MS VC++ 14.0 (VS2015)

END.
